{
  "RSpec": {
    "coverage": {
      "/Users/williamjeffries/Documents/Projects/auction-app-ruby-004/app/controllers/auctions_controller.rb": [
        1,
        1,
        null,
        1,
        1,
        null,
        null,
        1,
        1,
        null,
        null,
        1,
        7,
        7,
        3,
        null,
        4,
        4,
        null,
        null,
        null,
        1,
        1,
        null,
        null,
        1,
        1,
        null,
        null,
        1,
        8,
        8,
        6,
        4,
        null,
        2,
        2,
        null,
        null,
        2,
        2,
        null,
        null,
        null,
        1,
        7,
        7,
        6,
        5,
        null,
        1,
        null,
        null,
        1,
        1,
        null,
        null,
        null,
        1,
        null,
        1,
        13,
        null,
        null,
        null,
        null
      ],
      "/Users/williamjeffries/Documents/Projects/auction-app-ruby-004/app/controllers/application_controller.rb": [
        1,
        null,
        null,
        1,
        null,
        1,
        41,
        null,
        1,
        null,
        1,
        26,
        4,
        4,
        null,
        null,
        null,
        1,
        26,
        null,
        null
      ],
      "/Users/williamjeffries/Documents/Projects/auction-app-ruby-004/app/models/user.rb": [
        1,
        1,
        1,
        null,
        1,
        null,
        1,
        null,
        null
      ],
      "/Users/williamjeffries/Documents/Projects/auction-app-ruby-004/app/models/auction.rb": [
        1,
        1,
        1,
        null,
        1,
        1,
        null,
        1,
        null,
        null,
        1,
        6,
        null,
        null,
        1,
        1,
        null,
        null,
        1,
        0,
        null,
        null,
        null,
        null,
        null,
        null,
        null
      ]
    },
    "timestamp": 1395157055
  }
}
